<?xml version="1.0" encoding="UTF-8"?>
<testng-results ignored="0" total="1" passed="1" failed="0" skipped="0">
  <reporter-output>
  </reporter-output>
  <suite started-at="2025-09-16T13:03:42 IST" name="Suite" finished-at="2025-09-16T13:03:44 IST" duration-ms="2066">
    <groups>
    </groups>
    <test started-at="2025-09-16T13:03:42 IST" name="Test" finished-at="2025-09-16T13:03:44 IST" duration-ms="2066">
      <class name="mysql.MySQLDemo">
        <test-method signature="testRunQuery()[pri:0, instance:mysql.MySQLDemo@39ce27f2]" started-at="2025-09-16T13:03:42 IST" name="testRunQuery" description="Should print Kim Baxter&#039;s email from the database" finished-at="2025-09-16T13:03:44 IST" duration-ms="1851" status="PASS">
          <reporter-output>
          </reporter-output>
        </test-method> <!-- testRunQuery -->
      </class> <!-- mysql.MySQLDemo -->
    </test> <!-- Test -->
  </suite> <!-- Suite -->
</testng-results>
